Arguments: 
  /usr/bin/node12 /home/evan/.yarn/bin/yarn.js init

PATH: 
  /home/evan/.yarn/bin:/home/evan/.config/yarn/global/node_modules/.bin:/home/evan/.yarn/bin:/home/evan/.config/yarn/global/node_modules/.bin:/home/evan/bin:/usr/local/bin:/usr/bin:/bin

Yarn version: 
  1.22.0

Node version: 
  12.16.1

Platform: 
  linux x64

Trace: 
  Error: canceled
      at Interface.<anonymous> (/home/evan/.yarn/lib/cli.js:136987:13)
      at Interface.emit (events.js:311:20)
      at Interface._ttyWrite (readline.js:893:16)
      at ReadStream.onkeypress (readline.js:198:10)
      at ReadStream.emit (events.js:311:20)
      at emitKeys (internal/readline/utils.js:438:14)
      at emitKeys.next (<anonymous>)
      at ReadStream.onData (readline.js:1160:36)
      at ReadStream.emit (events.js:311:20)
      at addChunk (_stream_readable.js:294:12)

npm manifest: 
  No manifest

yarn manifest: 
  No manifest

Lockfile: 
  No lockfile
